2026-05-11 14:48:49,343 - INFO - 当前设备: cpu
2026-05-11 14:48:49,344 - INFO - 使用数据文件: C:\python\DL_project\untitled2\data\building_data_with_split.xlsx
2026-05-11 14:48:49,874 - INFO - 总样本数: 183
2026-05-11 14:48:49,875 - INFO - 特征列: ['所在层', '楼层建筑面积', '楼板平均厚度', '框架梁总长度', '框架柱总数量', '纵墙总面积', '横墙总面积', '层高']
2026-05-11 14:48:49,875 - INFO - 标签列: ['整层构建总自重', '整体合计恒载']
2026-05-11 14:48:49,877 - INFO - 训练集样本数: 131
2026-05-11 14:48:49,877 - INFO - 验证集样本数: 15
2026-05-11 14:48:49,877 - INFO - 测试集样本数: 37
2026-05-11 14:48:49,894 - INFO - 模型输入维度: 21
2026-05-11 14:48:49,894 - INFO - 模型输出维度: 2
2026-05-11 14:48:49,902 - INFO - ========== 开始训练 ==========
2026-05-11 14:48:49,966 - INFO - Epoch [1/1000] - Train Loss: 1.008368 - Val Loss: 0.641257
2026-05-11 14:48:50,534 - INFO - Epoch [50/1000] - Train Loss: 0.125669 - Val Loss: 0.083103
2026-05-11 14:48:51,112 - INFO - Epoch [100/1000] - Train Loss: 0.065093 - Val Loss: 0.079851
2026-05-11 14:48:51,648 - INFO - Epoch [150/1000] - Train Loss: 0.049713 - Val Loss: 0.098540
2026-05-11 14:48:51,896 - INFO - 触发 Early Stopping，提前结束训练。
2026-05-11 14:48:51,900 - INFO - 最佳模型已保存: C:\python\DL_project\untitled2\model\best_model.pth
2026-05-11 14:48:52,085 - INFO - ========== TRAIN 集评估结果 ==========
2026-05-11 14:48:52,088 - INFO - 
     目标         MAE         MSE        RMSE       R2   MAPE(%)  SMAPE(%)
整层构建总自重 1020.812744  2499448.25 1580.964355 0.909563 21.961786 15.420397
 整体合计恒载 4828.867676 45245324.00 6726.464355 0.935389 24.080169 16.757455
   整体平均 2924.840332 23872386.00 4153.714355 0.922476 23.020978 16.088926
2026-05-11 14:48:52,093 - INFO - ========== VAL 集评估结果 ==========
2026-05-11 14:48:52,095 - INFO - 
     目标         MAE          MSE        RMSE       R2   MAPE(%)  SMAPE(%)
整层构建总自重  878.896301  1312179.625 1145.504150 0.771053 18.649612 14.922518
 整体合计恒载 4701.327637 34409724.000 5865.980469 0.952758 21.155569 17.335631
   整体平均 2790.112061 17860952.000 3505.742188 0.861905 19.902591 16.129074
2026-05-11 14:48:52,100 - INFO - ========== TEST 集评估结果 ==========
2026-05-11 14:48:52,101 - INFO - 
     目标         MAE          MSE         RMSE       R2   MAPE(%)  SMAPE(%)
整层构建总自重 1250.225220   3135614.25  1770.766602 0.859990 16.644225 16.552754
 整体合计恒载 8539.025391 171126432.00 13081.530273 0.825391 19.341296 19.851097
   整体平均 4894.625488  87131024.00  7426.148438 0.842691 17.992760 18.201926
2026-05-11 14:48:53,000 - INFO - ========== 训练与评估完成 ==========
2026-05-11 14:48:53,000 - INFO - 图像输出目录: C:\python\DL_project\untitled2\outputs\figures
2026-05-11 14:48:53,000 - INFO - 报告输出目录: C:\python\DL_project\untitled2\outputs\reports
